[2026-06-08T14:29:31.431Z] [INFO] Scheduled task: Full anatomy rescan (0 */6 * * *)
[2026-06-08T14:29:31.433Z] [INFO] Scheduled task: Consolidate old memory (0 2 * * *)
[2026-06-08T14:29:31.434Z] [INFO] Scheduled task: Token audit report (0 0 * * 1)
[2026-06-08T14:29:31.434Z] [INFO] Scheduled task: Cerebrum reflection (0 3 * * 0)
[2026-06-08T14:29:31.434Z] [INFO] Scheduled task: AI suggestions (0 4 * * 1)
[2026-06-08T14:29:31.436Z] [INFO] File watcher started on .wolf/
[2026-06-08T14:29:31.436Z] [INFO] OpenWolf daemon started
[2026-06-08T14:29:31.437Z] [INFO] Dashboard server listening on port 18791
[2026-06-08T14:29:31.827Z] [INFO] Scheduled task: Full anatomy rescan (0 */6 * * *)
[2026-06-08T14:29:31.829Z] [INFO] Scheduled task: Consolidate old memory (0 2 * * *)
[2026-06-08T14:29:31.829Z] [INFO] Scheduled task: Token audit report (0 0 * * 1)
[2026-06-08T14:29:31.829Z] [INFO] Scheduled task: Cerebrum reflection (0 3 * * 0)
[2026-06-08T14:29:31.830Z] [INFO] Scheduled task: AI suggestions (0 4 * * 1)
[2026-06-08T14:29:31.831Z] [INFO] File watcher started on .wolf/
[2026-06-08T14:29:31.832Z] [INFO] OpenWolf daemon started
[2026-06-08T14:29:31.833Z] [INFO] Dashboard server listening on port 18791
[2026-06-08T14:29:32.198Z] [INFO] Scheduled task: Full anatomy rescan (0 */6 * * *)
[2026-06-08T14:29:32.200Z] [INFO] Scheduled task: Consolidate old memory (0 2 * * *)
[2026-06-08T14:29:32.200Z] [INFO] Scheduled task: Token audit report (0 0 * * 1)
[2026-06-08T14:29:32.201Z] [INFO] Scheduled task: Cerebrum reflection (0 3 * * 0)
[2026-06-08T14:29:32.201Z] [INFO] Scheduled task: AI suggestions (0 4 * * 1)
[2026-06-08T14:29:32.203Z] [INFO] File watcher started on .wolf/
[2026-06-08T14:29:32.203Z] [INFO] OpenWolf daemon started
[2026-06-08T14:29:32.204Z] [INFO] Dashboard server listening on port 18791
[2026-06-08T14:29:32.574Z] [INFO] Scheduled task: Full anatomy rescan (0 */6 * * *)
[2026-06-08T14:29:32.576Z] [INFO] Scheduled task: Consolidate old memory (0 2 * * *)
[2026-06-08T14:29:32.576Z] [INFO] Scheduled task: Token audit report (0 0 * * 1)
[2026-06-08T14:29:32.577Z] [INFO] Scheduled task: Cerebrum reflection (0 3 * * 0)
[2026-06-08T14:29:32.577Z] [INFO] Scheduled task: AI suggestions (0 4 * * 1)
[2026-06-08T14:29:32.579Z] [INFO] File watcher started on .wolf/
[2026-06-08T14:29:32.579Z] [INFO] OpenWolf daemon started
[2026-06-08T14:29:32.580Z] [INFO] Dashboard server listening on port 18791
[2026-06-08T14:29:32.951Z] [INFO] Scheduled task: Full anatomy rescan (0 */6 * * *)
[2026-06-08T14:29:32.953Z] [INFO] Scheduled task: Consolidate old memory (0 2 * * *)
[2026-06-08T14:29:32.954Z] [INFO] Scheduled task: Token audit report (0 0 * * 1)
[2026-06-08T14:29:32.954Z] [INFO] Scheduled task: Cerebrum reflection (0 3 * * 0)
[2026-06-08T14:29:32.955Z] [INFO] Scheduled task: AI suggestions (0 4 * * 1)
[2026-06-08T14:29:32.956Z] [INFO] File watcher started on .wolf/
[2026-06-08T14:29:32.957Z] [INFO] OpenWolf daemon started
[2026-06-08T14:29:32.957Z] [INFO] Dashboard server listening on port 18791
[2026-06-08T14:29:33.350Z] [INFO] Scheduled task: Full anatomy rescan (0 */6 * * *)
[2026-06-08T14:29:33.352Z] [INFO] Scheduled task: Consolidate old memory (0 2 * * *)
[2026-06-08T14:29:33.352Z] [INFO] Scheduled task: Token audit report (0 0 * * 1)
[2026-06-08T14:29:33.353Z] [INFO] Scheduled task: Cerebrum reflection (0 3 * * 0)
[2026-06-08T14:29:33.353Z] [INFO] Scheduled task: AI suggestions (0 4 * * 1)
[2026-06-08T14:29:33.354Z] [INFO] File watcher started on .wolf/
[2026-06-08T14:29:33.355Z] [INFO] OpenWolf daemon started
[2026-06-08T14:29:33.356Z] [INFO] Dashboard server listening on port 18791
[2026-06-08T14:29:33.729Z] [INFO] Scheduled task: Full anatomy rescan (0 */6 * * *)
[2026-06-08T14:29:33.731Z] [INFO] Scheduled task: Consolidate old memory (0 2 * * *)
[2026-06-08T14:29:33.732Z] [INFO] Scheduled task: Token audit report (0 0 * * 1)
[2026-06-08T14:29:33.732Z] [INFO] Scheduled task: Cerebrum reflection (0 3 * * 0)
[2026-06-08T14:29:33.732Z] [INFO] Scheduled task: AI suggestions (0 4 * * 1)
[2026-06-08T14:29:33.739Z] [INFO] File watcher started on .wolf/
[2026-06-08T14:29:33.740Z] [INFO] OpenWolf daemon started
[2026-06-08T14:29:33.740Z] [INFO] Dashboard server listening on port 18791
[2026-06-08T14:29:34.120Z] [INFO] Scheduled task: Full anatomy rescan (0 */6 * * *)
[2026-06-08T14:29:34.122Z] [INFO] Scheduled task: Consolidate old memory (0 2 * * *)
[2026-06-08T14:29:34.122Z] [INFO] Scheduled task: Token audit report (0 0 * * 1)
[2026-06-08T14:29:34.123Z] [INFO] Scheduled task: Cerebrum reflection (0 3 * * 0)
[2026-06-08T14:29:34.123Z] [INFO] Scheduled task: AI suggestions (0 4 * * 1)
[2026-06-08T14:29:34.125Z] [INFO] File watcher started on .wolf/
[2026-06-08T14:29:34.125Z] [INFO] OpenWolf daemon started
[2026-06-08T14:29:34.126Z] [INFO] Dashboard server listening on port 18791
[2026-06-08T14:29:34.512Z] [INFO] Scheduled task: Full anatomy rescan (0 */6 * * *)
[2026-06-08T14:29:34.514Z] [INFO] Scheduled task: Consolidate old memory (0 2 * * *)
[2026-06-08T14:29:34.514Z] [INFO] Scheduled task: Token audit report (0 0 * * 1)
[2026-06-08T14:29:34.515Z] [INFO] Scheduled task: Cerebrum reflection (0 3 * * 0)
[2026-06-08T14:29:34.515Z] [INFO] Scheduled task: AI suggestions (0 4 * * 1)
[2026-06-08T14:29:34.517Z] [INFO] File watcher started on .wolf/
[2026-06-08T14:29:34.517Z] [INFO] OpenWolf daemon started
[2026-06-08T14:29:34.518Z] [INFO] Dashboard server listening on port 18791
[2026-06-08T14:29:34.931Z] [INFO] Scheduled task: Full anatomy rescan (0 */6 * * *)
[2026-06-08T14:29:34.932Z] [INFO] Scheduled task: Consolidate old memory (0 2 * * *)
[2026-06-08T14:29:34.933Z] [INFO] Scheduled task: Token audit report (0 0 * * 1)
[2026-06-08T14:29:34.933Z] [INFO] Scheduled task: Cerebrum reflection (0 3 * * 0)
[2026-06-08T14:29:34.934Z] [INFO] Scheduled task: AI suggestions (0 4 * * 1)
[2026-06-08T14:29:34.935Z] [INFO] File watcher started on .wolf/
[2026-06-08T14:29:34.936Z] [INFO] OpenWolf daemon started
[2026-06-08T14:29:34.937Z] [INFO] Dashboard server listening on port 18791
[2026-06-08T14:29:35.329Z] [INFO] Scheduled task: Full anatomy rescan (0 */6 * * *)
[2026-06-08T14:29:35.331Z] [INFO] Scheduled task: Consolidate old memory (0 2 * * *)
[2026-06-08T14:29:35.332Z] [INFO] Scheduled task: Token audit report (0 0 * * 1)
[2026-06-08T14:29:35.332Z] [INFO] Scheduled task: Cerebrum reflection (0 3 * * 0)
[2026-06-08T14:29:35.332Z] [INFO] Scheduled task: AI suggestions (0 4 * * 1)
[2026-06-08T14:29:35.334Z] [INFO] File watcher started on .wolf/
[2026-06-08T14:29:35.335Z] [INFO] OpenWolf daemon started
[2026-06-08T14:29:35.336Z] [INFO] Dashboard server listening on port 18791
[2026-06-08T14:29:35.729Z] [INFO] Scheduled task: Full anatomy rescan (0 */6 * * *)
[2026-06-08T14:29:35.733Z] [INFO] Scheduled task: Consolidate old memory (0 2 * * *)
[2026-06-08T14:29:35.734Z] [INFO] Scheduled task: Token audit report (0 0 * * 1)
[2026-06-08T14:29:35.735Z] [INFO] Scheduled task: Cerebrum reflection (0 3 * * 0)
[2026-06-08T14:29:35.737Z] [INFO] Scheduled task: AI suggestions (0 4 * * 1)
[2026-06-08T14:29:35.742Z] [INFO] File watcher started on .wolf/
[2026-06-08T14:29:35.744Z] [INFO] OpenWolf daemon started
[2026-06-08T14:29:35.746Z] [INFO] Dashboard server listening on port 18791
[2026-06-08T14:29:36.165Z] [INFO] Scheduled task: Full anatomy rescan (0 */6 * * *)
[2026-06-08T14:29:36.167Z] [INFO] Scheduled task: Consolidate old memory (0 2 * * *)
[2026-06-08T14:29:36.167Z] [INFO] Scheduled task: Token audit report (0 0 * * 1)
[2026-06-08T14:29:36.168Z] [INFO] Scheduled task: Cerebrum reflection (0 3 * * 0)
[2026-06-08T14:29:36.168Z] [INFO] Scheduled task: AI suggestions (0 4 * * 1)
[2026-06-08T14:29:36.170Z] [INFO] File watcher started on .wolf/
[2026-06-08T14:29:36.170Z] [INFO] OpenWolf daemon started
[2026-06-08T14:29:36.171Z] [INFO] Dashboard server listening on port 18791
[2026-06-08T14:29:36.570Z] [INFO] Scheduled task: Full anatomy rescan (0 */6 * * *)
[2026-06-08T14:29:36.572Z] [INFO] Scheduled task: Consolidate old memory (0 2 * * *)
[2026-06-08T14:29:36.572Z] [INFO] Scheduled task: Token audit report (0 0 * * 1)
[2026-06-08T14:29:36.572Z] [INFO] Scheduled task: Cerebrum reflection (0 3 * * 0)
[2026-06-08T14:29:36.573Z] [INFO] Scheduled task: AI suggestions (0 4 * * 1)
[2026-06-08T14:29:36.574Z] [INFO] File watcher started on .wolf/
[2026-06-08T14:29:36.575Z] [INFO] OpenWolf daemon started
[2026-06-08T14:29:36.576Z] [INFO] Dashboard server listening on port 18791
[2026-06-08T14:29:36.913Z] [INFO] Scheduled task: Full anatomy rescan (0 */6 * * *)
[2026-06-08T14:29:36.915Z] [INFO] Scheduled task: Consolidate old memory (0 2 * * *)
[2026-06-08T14:29:36.915Z] [INFO] Scheduled task: Token audit report (0 0 * * 1)
[2026-06-08T14:29:36.916Z] [INFO] Scheduled task: Cerebrum reflection (0 3 * * 0)
[2026-06-08T14:29:36.916Z] [INFO] Scheduled task: AI suggestions (0 4 * * 1)
[2026-06-08T14:29:36.918Z] [INFO] File watcher started on .wolf/
[2026-06-08T14:29:36.918Z] [INFO] OpenWolf daemon started
[2026-06-08T14:29:36.919Z] [INFO] Dashboard server listening on port 18791
[2026-06-08T14:29:37.305Z] [INFO] Scheduled task: Full anatomy rescan (0 */6 * * *)
[2026-06-08T14:29:37.307Z] [INFO] Scheduled task: Consolidate old memory (0 2 * * *)
[2026-06-08T14:29:37.308Z] [INFO] Scheduled task: Token audit report (0 0 * * 1)
[2026-06-08T14:29:37.308Z] [INFO] Scheduled task: Cerebrum reflection (0 3 * * 0)
[2026-06-08T14:29:37.309Z] [INFO] Scheduled task: AI suggestions (0 4 * * 1)
[2026-06-08T14:29:37.310Z] [INFO] File watcher started on .wolf/
[2026-06-08T14:29:37.311Z] [INFO] OpenWolf daemon started
[2026-06-08T14:29:37.312Z] [INFO] Dashboard server listening on port 18791
